Copyright 1986-2022 Xilinx, Inc. All Rights Reserved. Copyright 2022-2024 Advanced Micro Devices, Inc. All Rights Reserved.
------------------------------------------------------------------------------------------------------------------------------------------------------------------------------------------------------------------------------------------
| Tool Version : Vivado v.2024.2 (win64) Build 5239630 Fri Nov 08 22:35:27 MST 2024
| Date         : Tue Jun 17 14:35:09 2025
| Host         : LAPTOP-JGICL4QJ running 64-bit major release  (build 9200)
| Command      : report_timing_summary -max_paths 10 -report_unconstrained -file vending_machine_timing_summary_routed.rpt -pb vending_machine_timing_summary_routed.pb -rpx vending_machine_timing_summary_routed.rpx -warn_on_violation
| Design       : vending_machine
| Device       : 7s50-csga324
| Speed File   : -1  PRODUCTION 1.23 2018-06-13
| Design State : Routed
------------------------------------------------------------------------------------------------------------------------------------------------------------------------------------------------------------------------------------------

Timing Summary Report

------------------------------------------------------------------------------------------------
| Timer Settings
| --------------
------------------------------------------------------------------------------------------------

  Enable Multi Corner Analysis               :  Yes
  Enable Pessimism Removal                   :  Yes
  Pessimism Removal Resolution               :  Nearest Common Node
  Enable Input Delay Default Clock           :  No
  Enable Preset / Clear Arcs                 :  No
  Disable Flight Delays                      :  No
  Ignore I/O Paths                           :  No
  Timing Early Launch at Borrowing Latches   :  No
  Borrow Time for Max Delay Exceptions       :  Yes
  Merge Timing Exceptions                    :  Yes
  Inter-SLR Compensation                     :  Conservative

  Corner  Analyze    Analyze    
  Name    Max Paths  Min Paths  
  ------  ---------  ---------  
  Slow    Yes        Yes        
  Fast    Yes        Yes        


------------------------------------------------------------------------------------------------
| Report Methodology
| ------------------
------------------------------------------------------------------------------------------------

Rule       Severity          Description                  Violations  
---------  ----------------  ---------------------------  ----------  
TIMING-17  Critical Warning  Non-clocked sequential cell  2           

Note: This report is based on the most recent report_methodology run and may not be up-to-date. Run report_methodology on the current design for the latest report.



check_timing report

Table of Contents
-----------------
1. checking no_clock (2)
2. checking constant_clock (0)
3. checking pulse_width_clock (0)
4. checking unconstrained_internal_endpoints (4)
5. checking no_input_delay (3)
6. checking no_output_delay (1)
7. checking multiple_clock (0)
8. checking generated_clocks (0)
9. checking loops (0)
10. checking partial_input_delay (0)
11. checking partial_output_delay (0)
12. checking latch_loops (0)

1. checking no_clock (2)
------------------------
 There are 2 register/latch pins with no clock driven by root clock pin: clk (HIGH)


2. checking constant_clock (0)
------------------------------
 There are 0 register/latch pins with constant_clock.


3. checking pulse_width_clock (0)
---------------------------------
 There are 0 register/latch pins which need pulse_width check


4. checking unconstrained_internal_endpoints (4)
------------------------------------------------
 There are 4 pins that are not constrained for maximum delay. (HIGH)

 There are 0 pins that are not constrained for maximum delay due to constant clock.


5. checking no_input_delay (3)
------------------------------
 There are 3 input ports with no input delay specified. (HIGH)

 There are 0 input ports with no input delay but user has a false path constraint.


6. checking no_output_delay (1)
-------------------------------
 There is 1 port with no output delay specified. (HIGH)

 There are 0 ports with no output delay but user has a false path constraint

 There are 0 ports with no output delay but with a timing clock defined on it or propagating through it


7. checking multiple_clock (0)
------------------------------
 There are 0 register/latch pins with multiple clocks.


8. checking generated_clocks (0)
--------------------------------
 There are 0 generated clocks that are not connected to a clock source.


9. checking loops (0)
---------------------
 There are 0 combinational loops in the design.


10. checking partial_input_delay (0)
------------------------------------
 There are 0 input ports with partial input delay specified.


11. checking partial_output_delay (0)
-------------------------------------
 There are 0 ports with partial output delay specified.


12. checking latch_loops (0)
----------------------------
 There are 0 combinational latch loops in the design through latch input



------------------------------------------------------------------------------------------------
| Design Timing Summary
| ---------------------
------------------------------------------------------------------------------------------------

    WNS(ns)      TNS(ns)  TNS Failing Endpoints  TNS Total Endpoints      WHS(ns)      THS(ns)  THS Failing Endpoints  THS Total Endpoints     WPWS(ns)     TPWS(ns)  TPWS Failing Endpoints  TPWS Total Endpoints  
    -------      -------  ---------------------  -------------------      -------      -------  ---------------------  -------------------     --------     --------  ----------------------  --------------------  
        inf        0.000                      0                    5          inf        0.000                      0                    5           NA           NA                      NA                    NA  


There are no user specified timing constraints.


------------------------------------------------------------------------------------------------
| Clock Summary
| -------------
------------------------------------------------------------------------------------------------


------------------------------------------------------------------------------------------------
| Intra Clock Table
| -----------------
------------------------------------------------------------------------------------------------

Clock             WNS(ns)      TNS(ns)  TNS Failing Endpoints  TNS Total Endpoints      WHS(ns)      THS(ns)  THS Failing Endpoints  THS Total Endpoints     WPWS(ns)     TPWS(ns)  TPWS Failing Endpoints  TPWS Total Endpoints  
-----             -------      -------  ---------------------  -------------------      -------      -------  ---------------------  -------------------     --------     --------  ----------------------  --------------------  


------------------------------------------------------------------------------------------------
| Inter Clock Table
| -----------------
------------------------------------------------------------------------------------------------

From Clock    To Clock          WNS(ns)      TNS(ns)  TNS Failing Endpoints  TNS Total Endpoints      WHS(ns)      THS(ns)  THS Failing Endpoints  THS Total Endpoints  
----------    --------          -------      -------  ---------------------  -------------------      -------      -------  ---------------------  -------------------  


------------------------------------------------------------------------------------------------
| Other Path Groups Table
| -----------------------
------------------------------------------------------------------------------------------------

Path Group    From Clock    To Clock          WNS(ns)      TNS(ns)  TNS Failing Endpoints  TNS Total Endpoints      WHS(ns)      THS(ns)  THS Failing Endpoints  THS Total Endpoints  
----------    ----------    --------          -------      -------  ---------------------  -------------------      -------      -------  ---------------------  -------------------  


------------------------------------------------------------------------------------------------
| User Ignored Path Table
| -----------------------
------------------------------------------------------------------------------------------------

Path Group    From Clock    To Clock    
----------    ----------    --------    


------------------------------------------------------------------------------------------------
| Unconstrained Path Table
| ------------------------
------------------------------------------------------------------------------------------------

Path Group    From Clock    To Clock    
----------    ----------    --------    
(none)                                    


------------------------------------------------------------------------------------------------
| Timing Details
| --------------
------------------------------------------------------------------------------------------------


--------------------------------------------------------------------------------------
Path Group:  (none)
From Clock:  
  To Clock:  

Max Delay             5 Endpoints
Min Delay             5 Endpoints
--------------------------------------------------------------------------------------


Max Delay Paths
--------------------------------------------------------------------------------------
Slack:                    inf
  Source:                 FSM_sequential_current_state_reg[0]/C
                            (rising edge-triggered cell FDCE)
  Destination:            open
                            (output port)
  Path Group:             (none)
  Path Type:              Max at Slow Process Corner
  Data Path Delay:        7.340ns  (logic 4.100ns (55.857%)  route 3.240ns (44.143%))
  Logic Levels:           3  (FDCE=1 LUT2=1 OBUF=1)

    Location             Delay type                Incr(ns)  Path(ns)    Netlist Resource(s)
  -------------------------------------------------------------------    -------------------
    SLICE_X65Y21         FDCE                         0.000     0.000 r  FSM_sequential_current_state_reg[0]/C
    SLICE_X65Y21         FDCE (Prop_fdce_C_Q)         0.456     0.456 r  FSM_sequential_current_state_reg[0]/Q
                         net (fo=3, routed)           0.509     0.965    current_state[0]
    SLICE_X65Y21         LUT2 (Prop_lut2_I0_O)        0.124     1.089 r  open_OBUF_inst_i_1/O
                         net (fo=1, routed)           2.731     3.820    open_OBUF
    G1                   OBUF (Prop_obuf_I_O)         3.520     7.340 r  open_OBUF_inst/O
                         net (fo=0)                   0.000     7.340    open
    G1                                                                r  open (OUT)
  -------------------------------------------------------------------    -------------------

Slack:                    inf
  Source:                 t
                            (input port)
  Destination:            FSM_sequential_current_state_reg[1]/D
  Path Group:             (none)
  Path Type:              Max at Slow Process Corner
  Data Path Delay:        2.748ns  (logic 1.604ns (58.384%)  route 1.143ns (41.616%))
  Logic Levels:           2  (IBUF=1 LUT4=1)

    Location             Delay type                Incr(ns)  Path(ns)    Netlist Resource(s)
  -------------------------------------------------------------------    -------------------
    U2                                                0.000     0.000 r  t (IN)
                         net (fo=0)                   0.000     0.000    t
    U2                   IBUF (Prop_ibuf_I_O)         1.454     1.454 r  t_IBUF_inst/O
                         net (fo=2, routed)           1.143     2.598    t_IBUF
    SLICE_X65Y21         LUT4 (Prop_lut4_I3_O)        0.150     2.748 r  FSM_sequential_current_state[1]_i_1/O
                         net (fo=1, routed)           0.000     2.748    next_state[1]
    SLICE_X65Y21         FDCE                                         r  FSM_sequential_current_state_reg[1]/D
  -------------------------------------------------------------------    -------------------

Slack:                    inf
  Source:                 t
                            (input port)
  Destination:            FSM_sequential_current_state_reg[0]/D
  Path Group:             (none)
  Path Type:              Max at Slow Process Corner
  Data Path Delay:        2.722ns  (logic 1.578ns (57.987%)  route 1.143ns (42.013%))
  Logic Levels:           2  (IBUF=1 LUT4=1)

    Location             Delay type                Incr(ns)  Path(ns)    Netlist Resource(s)
  -------------------------------------------------------------------    -------------------
    U2                                                0.000     0.000 r  t (IN)
                         net (fo=0)                   0.000     0.000    t
    U2                   IBUF (Prop_ibuf_I_O)         1.454     1.454 r  t_IBUF_inst/O
                         net (fo=2, routed)           1.143     2.598    t_IBUF
    SLICE_X65Y21         LUT4 (Prop_lut4_I1_O)        0.124     2.722 r  FSM_sequential_current_state[0]_i_1/O
                         net (fo=1, routed)           0.000     2.722    next_state[0]
    SLICE_X65Y21         FDCE                                         r  FSM_sequential_current_state_reg[0]/D
  -------------------------------------------------------------------    -------------------

Slack:                    inf
  Source:                 rst
                            (input port)
  Destination:            FSM_sequential_current_state_reg[0]/CLR
  Path Group:             (none)
  Path Type:              Max at Slow Process Corner
  Data Path Delay:        2.613ns  (logic 1.461ns (55.889%)  route 1.153ns (44.111%))
  Logic Levels:           1  (IBUF=1)

    Location             Delay type                Incr(ns)  Path(ns)    Netlist Resource(s)
  -------------------------------------------------------------------    -------------------
    V2                                                0.000     0.000 f  rst (IN)
                         net (fo=0)                   0.000     0.000    rst
    V2                   IBUF (Prop_ibuf_I_O)         1.461     1.461 f  rst_IBUF_inst/O
                         net (fo=2, routed)           1.153     2.613    rst_IBUF
    SLICE_X65Y21         FDCE                                         f  FSM_sequential_current_state_reg[0]/CLR
  -------------------------------------------------------------------    -------------------

Slack:                    inf
  Source:                 rst
                            (input port)
  Destination:            FSM_sequential_current_state_reg[1]/CLR
  Path Group:             (none)
  Path Type:              Max at Slow Process Corner
  Data Path Delay:        2.613ns  (logic 1.461ns (55.889%)  route 1.153ns (44.111%))
  Logic Levels:           1  (IBUF=1)

    Location             Delay type                Incr(ns)  Path(ns)    Netlist Resource(s)
  -------------------------------------------------------------------    -------------------
    V2                                                0.000     0.000 f  rst (IN)
                         net (fo=0)                   0.000     0.000    rst
    V2                   IBUF (Prop_ibuf_I_O)         1.461     1.461 f  rst_IBUF_inst/O
                         net (fo=2, routed)           1.153     2.613    rst_IBUF
    SLICE_X65Y21         FDCE                                         f  FSM_sequential_current_state_reg[1]/CLR
  -------------------------------------------------------------------    -------------------





Min Delay Paths
--------------------------------------------------------------------------------------
Slack:                    inf
  Source:                 FSM_sequential_current_state_reg[0]/C
                            (rising edge-triggered cell FDCE)
  Destination:            FSM_sequential_current_state_reg[1]/D
  Path Group:             (none)
  Path Type:              Min at Fast Process Corner
  Data Path Delay:        0.350ns  (logic 0.183ns (52.255%)  route 0.167ns (47.745%))
  Logic Levels:           2  (FDCE=1 LUT4=1)

    Location             Delay type                Incr(ns)  Path(ns)    Netlist Resource(s)
  -------------------------------------------------------------------    -------------------
    SLICE_X65Y21         FDCE                         0.000     0.000 r  FSM_sequential_current_state_reg[0]/C
    SLICE_X65Y21         FDCE (Prop_fdce_C_Q)         0.141     0.141 r  FSM_sequential_current_state_reg[0]/Q
                         net (fo=3, routed)           0.167     0.308    current_state[0]
    SLICE_X65Y21         LUT4 (Prop_lut4_I0_O)        0.042     0.350 r  FSM_sequential_current_state[1]_i_1/O
                         net (fo=1, routed)           0.000     0.350    next_state[1]
    SLICE_X65Y21         FDCE                                         r  FSM_sequential_current_state_reg[1]/D
  -------------------------------------------------------------------    -------------------

Slack:                    inf
  Source:                 FSM_sequential_current_state_reg[0]/C
                            (rising edge-triggered cell FDCE)
  Destination:            FSM_sequential_current_state_reg[0]/D
  Path Group:             (none)
  Path Type:              Min at Fast Process Corner
  Data Path Delay:        0.353ns  (logic 0.186ns (52.660%)  route 0.167ns (47.340%))
  Logic Levels:           2  (FDCE=1 LUT4=1)

    Location             Delay type                Incr(ns)  Path(ns)    Netlist Resource(s)
  -------------------------------------------------------------------    -------------------
    SLICE_X65Y21         FDCE                         0.000     0.000 r  FSM_sequential_current_state_reg[0]/C
    SLICE_X65Y21         FDCE (Prop_fdce_C_Q)         0.141     0.141 r  FSM_sequential_current_state_reg[0]/Q
                         net (fo=3, routed)           0.167     0.308    current_state[0]
    SLICE_X65Y21         LUT4 (Prop_lut4_I0_O)        0.045     0.353 r  FSM_sequential_current_state[0]_i_1/O
                         net (fo=1, routed)           0.000     0.353    next_state[0]
    SLICE_X65Y21         FDCE                                         r  FSM_sequential_current_state_reg[0]/D
  -------------------------------------------------------------------    -------------------

Slack:                    inf
  Source:                 rst
                            (input port)
  Destination:            FSM_sequential_current_state_reg[0]/CLR
  Path Group:             (none)
  Path Type:              Min at Fast Process Corner
  Data Path Delay:        0.673ns  (logic 0.229ns (33.951%)  route 0.445ns (66.049%))
  Logic Levels:           1  (IBUF=1)

    Location             Delay type                Incr(ns)  Path(ns)    Netlist Resource(s)
  -------------------------------------------------------------------    -------------------
    V2                                                0.000     0.000 f  rst (IN)
                         net (fo=0)                   0.000     0.000    rst
    V2                   IBUF (Prop_ibuf_I_O)         0.229     0.229 f  rst_IBUF_inst/O
                         net (fo=2, routed)           0.445     0.673    rst_IBUF
    SLICE_X65Y21         FDCE                                         f  FSM_sequential_current_state_reg[0]/CLR
  -------------------------------------------------------------------    -------------------

Slack:                    inf
  Source:                 rst
                            (input port)
  Destination:            FSM_sequential_current_state_reg[1]/CLR
  Path Group:             (none)
  Path Type:              Min at Fast Process Corner
  Data Path Delay:        0.673ns  (logic 0.229ns (33.951%)  route 0.445ns (66.049%))
  Logic Levels:           1  (IBUF=1)

    Location             Delay type                Incr(ns)  Path(ns)    Netlist Resource(s)
  -------------------------------------------------------------------    -------------------
    V2                                                0.000     0.000 f  rst (IN)
                         net (fo=0)                   0.000     0.000    rst
    V2                   IBUF (Prop_ibuf_I_O)         0.229     0.229 f  rst_IBUF_inst/O
                         net (fo=2, routed)           0.445     0.673    rst_IBUF
    SLICE_X65Y21         FDCE                                         f  FSM_sequential_current_state_reg[1]/CLR
  -------------------------------------------------------------------    -------------------

Slack:                    inf
  Source:                 FSM_sequential_current_state_reg[1]/C
                            (rising edge-triggered cell FDCE)
  Destination:            open
                            (output port)
  Path Group:             (none)
  Path Type:              Min at Fast Process Corner
  Data Path Delay:        2.324ns  (logic 1.448ns (62.317%)  route 0.876ns (37.683%))
  Logic Levels:           3  (FDCE=1 LUT2=1 OBUF=1)

    Location             Delay type                Incr(ns)  Path(ns)    Netlist Resource(s)
  -------------------------------------------------------------------    -------------------
    SLICE_X65Y21         FDCE                         0.000     0.000 r  FSM_sequential_current_state_reg[1]/C
    SLICE_X65Y21         FDCE (Prop_fdce_C_Q)         0.128     0.128 r  FSM_sequential_current_state_reg[1]/Q
                         net (fo=3, routed)           0.068     0.196    current_state[1]
    SLICE_X65Y21         LUT2 (Prop_lut2_I1_O)        0.099     0.295 r  open_OBUF_inst_i_1/O
                         net (fo=1, routed)           0.808     1.103    open_OBUF
    G1                   OBUF (Prop_obuf_I_O)         1.221     2.324 r  open_OBUF_inst/O
                         net (fo=0)                   0.000     2.324    open
    G1                                                                r  open (OUT)
  -------------------------------------------------------------------    -------------------





